<?xml version="1.0" encoding="UTF-8"?>
<!-- Generated by org.testng.reporters.JUnitReportReporter -->
<testsuite hostname="DESKTOP-O544DRQ" name="com.rest.test.GetBookingID" tests="1" failures="0" timestamp="20 Sep 2021 08:08:30 GMT" time="3.431" errors="0">
  <testcase name="getBookingID" time="3.431" classname="com.rest.test.GetBookingID"/>
</testsuite> <!-- com.rest.test.GetBookingID -->
