<?xml version="1.0" encoding="UTF-8"?>
<!-- Generated by org.testng.reporters.JUnitReportReporter -->
<testsuite hostname="DESKTOP-O544DRQ" name="com.rest.test.CreateBooking" tests="1" failures="0" timestamp="21 Sep 2021 17:44:56 GMT" time="4.833" errors="0">
  <testcase name="createBooking" time="4.833" classname="com.rest.test.CreateBooking"/>
</testsuite> <!-- com.rest.test.CreateBooking -->
