<?xml version="1.0" encoding="UTF-8"?>
<!-- Generated by org.testng.reporters.JUnitReportReporter -->
<testsuite hostname="DESKTOP-O544DRQ" name="com.rest.test.GetAuthenticationToken" tests="1" failures="0" timestamp="22 Sep 2021 08:16:14 GMT" time="3.193" errors="0">
  <testcase name="getAuthToken" time="3.193" classname="com.rest.test.GetAuthenticationToken"/>
</testsuite> <!-- com.rest.test.GetAuthenticationToken -->
