<?xml version="1.0" encoding="UTF-8"?>
<!-- Generated by org.testng.reporters.JUnitReportReporter -->
<testsuite hostname="DESKTOP-O544DRQ" name="com.rest.test.GetBookings" tests="1" failures="0" timestamp="20 Sep 2021 17:05:38 GMT" time="1.266" errors="0">
  <testcase name="getBookings" time="1.266" classname="com.rest.test.GetBookings"/>
</testsuite> <!-- com.rest.test.GetBookings -->
